INFO:     Started server process [5380]
INFO:     Waiting for application startup.
INFO:     Application startup complete.
INFO:     Uvicorn running on http://0.0.0.0:8000 (Press CTRL+C to quit)
INFO:     127.0.0.1:39014 - "WebSocket /ws/replay" [accepted]
INFO:server:WebSocket /ws/replay connected
INFO:     connection open
INFO:     127.0.0.1:45156 - "GET /api/live/available HTTP/1.1" 200 OK
[0;93m2026-07-11 19:21:08.440727876 [W:onnxruntime:Default, device_discovery.cc:283 GetGpuDevices] Failed to detect devices under "/sys/class/drm/card0": device_discovery.cc:93 ReadFileContents Failed to open file: "/sys/class/drm/card0/device/vendor"[m
INFO:     127.0.0.1:47910 - "POST /api/live/start HTTP/1.1" 200 OK
INFO:sherlock.ingestion.file:FileSource opened /mnt/e/Machine Learning/ML Assignment/test_videos/interview_2min.mp4
INFO:sherlock.orchestrator:Orchestrator started.
INFO:httpx:HTTP Request: GET https://huggingface.co/api/models/Systran/faster-whisper-base/revision/main "HTTP/1.1 200 OK"
[2026-07-11 19:21:15.532] [ctranslate2] [thread 5482] [warning] The compute type inferred from the saved model is float16, but the target device or backend do not support efficient float16 computation. The model weights have been automatically converted to use the float32 compute type instead.
INFO:faster_whisper:Processing audio with duration 00:02.019
INFO:faster_whisper:Processing audio with duration 00:02.020
INFO:faster_whisper:Processing audio with duration 00:02.020
INFO:faster_whisper:Processing audio with duration 00:02.020
INFO:faster_whisper:Processing audio with duration 00:02.020
INFO:faster_whisper:Processing audio with duration 00:02.020
INFO:faster_whisper:Processing audio with duration 00:02.020
INFO:faster_whisper:Processing audio with duration 00:02.020
INFO:faster_whisper:Processing audio with duration 00:02.020
INFO:faster_whisper:Processing audio with duration 00:02.020
INFO:     127.0.0.1:35004 - "GET /api/live/status HTTP/1.1" 200 OK
INFO:faster_whisper:Processing audio with duration 00:02.020
INFO:faster_whisper:Processing audio with duration 00:02.020
INFO:faster_whisper:Processing audio with duration 00:02.020
INFO:faster_whisper:Processing audio with duration 00:02.020
INFO:faster_whisper:Processing audio with duration 00:02.020
INFO:faster_whisper:Processing audio with duration 00:02.020
INFO:faster_whisper:Processing audio with duration 00:02.020
INFO:faster_whisper:Processing audio with duration 00:02.020
INFO:faster_whisper:Processing audio with duration 00:02.020
INFO:faster_whisper:Processing audio with duration 00:02.020
INFO:faster_whisper:Processing audio with duration 00:02.020
INFO:faster_whisper:Processing audio with duration 00:02.020
INFO:faster_whisper:Processing audio with duration 00:02.020
INFO:faster_whisper:Processing audio with duration 00:02.020
INFO:faster_whisper:Processing audio with duration 00:02.020
INFO:faster_whisper:Processing audio with duration 00:02.020
INFO:     127.0.0.1:45918 - "POST /api/live/stop HTTP/1.1" 200 OK
INFO:faster_whisper:Processing audio with duration 00:02.020
INFO:faster_whisper:Processing audio with duration 00:02.020
INFO:faster_whisper:Processing audio with duration 00:02.020
INFO:faster_whisper:Processing audio with duration 00:02.020
INFO:faster_whisper:Processing audio with duration 00:02.020
INFO:faster_whisper:Processing audio with duration 00:02.020
INFO:faster_whisper:Processing audio with duration 00:02.020
INFO:faster_whisper:Processing audio with duration 00:02.020
INFO:faster_whisper:Processing audio with duration 00:02.020
INFO:faster_whisper:Processing audio with duration 00:02.020
INFO:faster_whisper:Processing audio with duration 00:02.020
INFO:faster_whisper:Processing audio with duration 00:02.020
INFO:faster_whisper:Processing audio with duration 00:02.020
INFO:faster_whisper:Processing audio with duration 00:02.020
INFO:faster_whisper:Processing audio with duration 00:02.020
INFO:faster_whisper:Processing audio with duration 00:02.020
INFO:faster_whisper:Processing audio with duration 00:02.020
INFO:faster_whisper:Processing audio with duration 00:02.020
INFO:faster_whisper:Processing audio with duration 00:02.020
INFO:faster_whisper:Processing audio with duration 00:02.020
INFO:faster_whisper:Processing audio with duration 00:02.020
INFO:faster_whisper:Processing audio with duration 00:02.020
INFO:faster_whisper:Processing audio with duration 00:02.020
INFO:faster_whisper:Processing audio with duration 00:02.020
INFO:faster_whisper:Processing audio with duration 00:02.020
INFO:faster_whisper:Processing audio with duration 00:02.020
INFO:faster_whisper:Processing audio with duration 00:02.020
INFO:faster_whisper:Processing audio with duration 00:02.020
INFO:faster_whisper:Processing audio with duration 00:02.020
INFO:faster_whisper:Processing audio with duration 00:02.020
INFO:faster_whisper:Processing audio with duration 00:02.020
INFO:faster_whisper:Processing audio with duration 00:02.020
INFO:faster_whisper:Processing audio with duration 00:02.020
INFO:faster_whisper:Processing audio with duration 00:02.020
INFO:faster_whisper:Processing audio with duration 00:02.020
INFO:faster_whisper:Processing audio with duration 00:02.020
INFO:faster_whisper:Processing audio with duration 00:02.020
INFO:faster_whisper:Processing audio with duration 00:02.020
INFO:faster_whisper:Processing audio with duration 00:02.020
INFO:faster_whisper:Processing audio with duration 00:02.020
INFO:     127.0.0.1:45404 - "GET / HTTP/1.1" 200 OK
INFO:     127.0.0.1:45404 - "GET /static/styles.css HTTP/1.1" 200 OK
INFO:     127.0.0.1:45404 - "GET /static/app.js HTTP/1.1" 200 OK
INFO:     127.0.0.1:45404 - "GET /api/scenarios HTTP/1.1" 200 OK
INFO:     127.0.0.1:45416 - "GET /api/live/info HTTP/1.1" 200 OK
INFO:     connection closed
INFO:     127.0.0.1:45424 - "POST /api/live/upload HTTP/1.1" 200 OK
INFO:     127.0.0.1:45424 - "POST /api/live/start HTTP/1.1" 200 OK
INFO:sherlock.ingestion.file:FileSource opened /tmp/sherlock_uploads/1783798700_interview_esl_1min.mp4.mp4
INFO:sherlock.orchestrator:Orchestrator started.
INFO:     127.0.0.1:45424 - "GET /api/live/video HTTP/1.1" 206 Partial Content
INFO:     127.0.0.1:46236 - "WebSocket /ws/live" [accepted]
INFO:server:WebSocket /ws/live connected
INFO:     connection open
INFO:httpx:HTTP Request: GET https://huggingface.co/api/models/Systran/faster-whisper-base/revision/main "HTTP/1.1 200 OK"
[2026-07-11 19:38:21.605] [ctranslate2] [thread 5703] [warning] The compute type inferred from the saved model is float16, but the target device or backend do not support efficient float16 computation. The model weights have been automatically converted to use the float32 compute type instead.
INFO:faster_whisper:Processing audio with duration 00:02.019
INFO:faster_whisper:Processing audio with duration 00:02.020
INFO:faster_whisper:Processing audio with duration 00:02.020
INFO:faster_whisper:Processing audio with duration 00:02.020
INFO:faster_whisper:Processing audio with duration 00:02.020
INFO:faster_whisper:Processing audio with duration 00:02.020
INFO:faster_whisper:Processing audio with duration 00:02.020
INFO:faster_whisper:Processing audio with duration 00:02.020
INFO:faster_whisper:Processing audio with duration 00:02.020
INFO:faster_whisper:Processing audio with duration 00:02.020
INFO:faster_whisper:Processing audio with duration 00:02.020
INFO:faster_whisper:Processing audio with duration 00:02.020
INFO:faster_whisper:Processing audio with duration 00:02.020
INFO:faster_whisper:Processing audio with duration 00:02.020
INFO:faster_whisper:Processing audio with duration 00:02.020
INFO:faster_whisper:Processing audio with duration 00:02.020
INFO:faster_whisper:Processing audio with duration 00:02.020
INFO:faster_whisper:Processing audio with duration 00:02.020
INFO:faster_whisper:Processing audio with duration 00:02.020
INFO:faster_whisper:Processing audio with duration 00:02.020
INFO:faster_whisper:Processing audio with duration 00:02.020
INFO:faster_whisper:Processing audio with duration 00:02.020
INFO:faster_whisper:Processing audio with duration 00:02.020
INFO:faster_whisper:Processing audio with duration 00:02.020
INFO:faster_whisper:Processing audio with duration 00:02.020
INFO:faster_whisper:Processing audio with duration 00:02.020
INFO:faster_whisper:Processing audio with duration 00:02.020
INFO:faster_whisper:Processing audio with duration 00:02.020
INFO:faster_whisper:Processing audio with duration 00:02.020
INFO:faster_whisper:Processing audio with duration 00:02.020
INFO:faster_whisper:Processing audio with duration 00:02.020
INFO:faster_whisper:Processing audio with duration 00:02.020
INFO:faster_whisper:Processing audio with duration 00:02.020
INFO:faster_whisper:Processing audio with duration 00:02.020
INFO:faster_whisper:Processing audio with duration 00:02.020
INFO:faster_whisper:Processing audio with duration 00:02.020
INFO:faster_whisper:Processing audio with duration 00:02.020
INFO:faster_whisper:Processing audio with duration 00:02.020
INFO:faster_whisper:Processing audio with duration 00:02.020
INFO:faster_whisper:Processing audio with duration 00:02.020
INFO:faster_whisper:Processing audio with duration 00:02.020
INFO:faster_whisper:Processing audio with duration 00:02.020
INFO:faster_whisper:Processing audio with duration 00:02.020
INFO:faster_whisper:Processing audio with duration 00:02.020
INFO:faster_whisper:Processing audio with duration 00:02.020
INFO:faster_whisper:Processing audio with duration 00:02.020
INFO:faster_whisper:Processing audio with duration 00:02.020
INFO:faster_whisper:Processing audio with duration 00:02.020
INFO:faster_whisper:Processing audio with duration 00:02.020
INFO:faster_whisper:Processing audio with duration 00:02.020
INFO:faster_whisper:Processing audio with duration 00:02.020
INFO:faster_whisper:Processing audio with duration 00:02.020
INFO:     127.0.0.1:53474 - "POST /api/live/stop HTTP/1.1" 200 OK
INFO:     connection closed
INFO:     127.0.0.1:53474 - "POST /api/replay/load HTTP/1.1" 200 OK
INFO:     127.0.0.1:53474 - "GET /api/replay/snapshot HTTP/1.1" 200 OK
INFO:     127.0.0.1:53496 - "WebSocket /ws/replay" [accepted]
INFO:server:WebSocket /ws/replay connected
INFO:     connection open
INFO:server:WebSocket /ws/live disconnected
